<?xml version="1.0" encoding="UTF-8"?>
<!-- Generated by org.testng.reporters.JUnitReportReporter -->
<testsuite hostname="BinjuPC" failures="0" tests="2" name="com.example.testMavenProject.signup$AppTest" time="48.997" errors="0" timestamp="2024-08-23T13:14:02 IST" skipped="0">
  <testcase classname="com.example.testMavenProject.signup$AppTest" name="testLoginWithCorrectCredentials" time="37.846"/>
  <system-out/>
  <testcase classname="com.example.testMavenProject.signup$AppTest" name="testLoginWithIncorrectCredentials" time="11.151"/>
  <system-out/>
</testsuite> <!-- com.example.testMavenProject.signup$AppTest -->
