<?xml version="1.0" encoding="UTF-8"?>
<!-- Generated by org.testng.reporters.JUnitReportReporter -->
<testsuite hostname="BinjuPC" failures="0" tests="4" name="com.example.testMavenProject.Signin$AppTest" time="134.606" errors="0" timestamp="2024-08-26T13:14:31 IST" skipped="0">
  <testcase classname="com.example.testMavenProject.Signin$AppTest" name="testLoginWithCorrectCredentials" time="33.570"/>
  <system-out/>
  <testcase classname="com.example.testMavenProject.Signin$AppTest" name="testLoginWithIncorrectCredentials" time="30.323"/>
  <system-out/>
  <testcase classname="com.example.testMavenProject.Signin$AppTest" name="testLoginWithCorrectEmailIncorrectPassword" time="35.386"/>
  <system-out/>
  <testcase classname="com.example.testMavenProject.Signin$AppTest" name="testLoginWithIncorrectEmailCorrectPassword" time="35.327"/>
  <system-out/>
</testsuite> <!-- com.example.testMavenProject.Signin$AppTest -->
